treatments ['Barley', 'Walnut', 'Avocado', 'Almond', 'Oats', 'Broccoli']
hmdb_list 75
Count mismatch MAR04783F
Count mismatch MAR04807F
Count mismatch MAR12742F
Count mismatch MAR12751F
Count mismatch MAR13004F
Count mismatch MAR04783B
Count mismatch MAR04807B
Count mismatch MAR12742B
Count mismatch MAR12751B
Count mismatch MAR13004B
No reaction mapped to HMDB0000011+
No reaction mapped to HMDB0000011-
No reaction mapped to HMDB0000020+
No reaction mapped to HMDB0000020-
No reaction mapped to HMDB0000067+
No reaction mapped to HMDB0000067-
No reaction mapped to HMDB0000122-
No reaction mapped to HMDB0000131+
No reaction mapped to HMDB0000131-
No reaction mapped to HMDB0000132+
No reaction mapped to HMDB0000143+
No reaction mapped to HMDB0000143-
No reaction mapped to HMDB0000162+
No reaction mapped to HMDB0000163+
No reaction mapped to HMDB0000167+
No reaction mapped to HMDB0000169+
No reaction mapped to HMDB0000169-
No reaction mapped to HMDB0000172+
No reaction mapped to HMDB0000182+
No reaction mapped to HMDB0000182-
No reaction mapped to HMDB0000209+
No reaction mapped to HMDB0000209-
No reaction mapped to HMDB0000210+
No reaction mapped to HMDB0000210-
No reaction mapped to HMDB0000211+
No reaction mapped to HMDB0000211-
No reaction mapped to HMDB0000220+
No reaction mapped to HMDB0000226+
No reaction mapped to HMDB0000226-
No reaction mapped to HMDB0000262+
No reaction mapped to HMDB0000262-
No reaction mapped to HMDB0000283+
No reaction mapped to HMDB0000283-
No reaction mapped to HMDB0000300+
No reaction mapped to HMDB0000300-
No reaction mapped to HMDB0000301+
No reaction mapped to HMDB0000301-
No reaction mapped to HMDB0000535+
No reaction mapped to HMDB0000535-
No reaction mapped to HMDB0000573+
No reaction mapped to HMDB0000573-
No reaction mapped to HMDB0000626+
No reaction mapped to HMDB0000626-
No reaction mapped to HMDB0000646+
No reaction mapped to HMDB0000646-
No reaction mapped to HMDB0000660-
No reaction mapped to HMDB0000666+
No reaction mapped to HMDB0000666-
No reaction mapped to HMDB0000673+
No reaction mapped to HMDB0000673-
No reaction mapped to HMDB0000687+
No reaction mapped to HMDB0000754+
No reaction mapped to HMDB0000754-
No reaction mapped to HMDB0000763+
No reaction mapped to HMDB0000763-
No reaction mapped to HMDB0000806+
No reaction mapped to HMDB0000806-
No reaction mapped to HMDB0000826+
No reaction mapped to HMDB0000826-
No reaction mapped to HMDB0000827-
No reaction mapped to HMDB0000883+
No reaction mapped to HMDB0000892+
No reaction mapped to HMDB0000892-
No reaction mapped to HMDB0000929+
No reaction mapped to HMDB0000929-
No reaction mapped to HMDB0001138-
No reaction mapped to HMDB0001160+
No reaction mapped to HMDB0001160-
No reaction mapped to HMDB0001251+
No reaction mapped to HMDB0001251-
No reaction mapped to HMDB0001488+
No reaction mapped to HMDB0001488-
No reaction mapped to HMDB0001858+
No reaction mapped to HMDB0001858-
No reaction mapped to HMDB0001893+
No reaction mapped to HMDB0001893-
No reaction mapped to HMDB0002003+
No reaction mapped to HMDB0002003-
No reaction mapped to HMDB0002212+
No reaction mapped to HMDB0002212-
No reaction mapped to HMDB0002259+
No reaction mapped to HMDB0002259-
No reaction mapped to HMDB0002356+
No reaction mapped to HMDB0002356-
459
*** Barley NoBarley ***
114 react_nodes
150 met_nodes
195 sample_nodes
study_samples 28
control_samples 14
treatment_samples 14
df (28, 290)
*** Walnut NoWalnut ***
114 react_nodes
150 met_nodes
195 sample_nodes
study_samples 36
control_samples 18
treatment_samples 18
df (36, 300)
*** Avocado NoAvocado ***
114 react_nodes
150 met_nodes
195 sample_nodes
study_samples 44
control_samples 17
treatment_samples 27
df (44, 308)
*** Almond NoAlmond ***
114 react_nodes
150 met_nodes
195 sample_nodes
study_samples 28
control_samples 14
treatment_samples 14
df (28, 291)
*** Oats NoOats ***
114 react_nodes
150 met_nodes
195 sample_nodes
study_samples 29
control_samples 14
treatment_samples 15
df (29, 291)
*** Broccoli NoBroccoli ***
114 react_nodes
150 met_nodes
195 sample_nodes
study_samples 30
control_samples 15
treatment_samples 15
df (30, 292)
