treatments ['Oats', 'Barley', 'Walnut', 'Almond', 'Avocado', 'Broccoli']
hmdb_list 75
Count mismatch MAR04574
Count mismatch MAR06602
Count mismatch MAR06603
Count mismatch MAR03827
Count mismatch MAR03829
Count mismatch MAR04693
Count mismatch MAR03807
Count mismatch MAR03845
Count mismatch MAR04582
Count mismatch MAR04792
Count mismatch MAR07702
Count mismatch MAR06725
Count mismatch MAR03912
Count mismatch MAR08684
Count mismatch MAR04330
Count mismatch MAR04408
Count mismatch MAR04410
Count mismatch MAR04652
Count mismatch MAR08743
Count mismatch MAR01616
Count mismatch MAR02027
Count mismatch MAR03263
Count mismatch MAR04783
Count mismatch MAR04807
Count mismatch MAR12742
Count mismatch MAR12751
Count mismatch MAR13004
No reaction mapped to HMDB0000011+
No reaction mapped to HMDB0000011-
No reaction mapped to HMDB0000020+
No reaction mapped to HMDB0000020-
No reaction mapped to HMDB0000067+
No reaction mapped to HMDB0000067-
No reaction mapped to HMDB0000122-
No reaction mapped to HMDB0000131+
No reaction mapped to HMDB0000131-
No reaction mapped to HMDB0000132+
No reaction mapped to HMDB0000143+
No reaction mapped to HMDB0000143-
No reaction mapped to HMDB0000162+
No reaction mapped to HMDB0000163+
No reaction mapped to HMDB0000167+
No reaction mapped to HMDB0000169+
No reaction mapped to HMDB0000169-
No reaction mapped to HMDB0000172+
No reaction mapped to HMDB0000182+
No reaction mapped to HMDB0000182-
No reaction mapped to HMDB0000209+
No reaction mapped to HMDB0000209-
No reaction mapped to HMDB0000210+
No reaction mapped to HMDB0000210-
No reaction mapped to HMDB0000211+
No reaction mapped to HMDB0000211-
No reaction mapped to HMDB0000220+
No reaction mapped to HMDB0000226+
No reaction mapped to HMDB0000226-
No reaction mapped to HMDB0000262+
No reaction mapped to HMDB0000262-
No reaction mapped to HMDB0000283+
No reaction mapped to HMDB0000283-
No reaction mapped to HMDB0000300+
No reaction mapped to HMDB0000300-
No reaction mapped to HMDB0000301+
No reaction mapped to HMDB0000301-
No reaction mapped to HMDB0000535+
No reaction mapped to HMDB0000535-
No reaction mapped to HMDB0000573+
No reaction mapped to HMDB0000573-
No reaction mapped to HMDB0000626+
No reaction mapped to HMDB0000626-
No reaction mapped to HMDB0000646+
No reaction mapped to HMDB0000646-
No reaction mapped to HMDB0000660-
No reaction mapped to HMDB0000666+
No reaction mapped to HMDB0000666-
No reaction mapped to HMDB0000673+
No reaction mapped to HMDB0000673-
No reaction mapped to HMDB0000687+
No reaction mapped to HMDB0000754+
No reaction mapped to HMDB0000754-
No reaction mapped to HMDB0000763+
No reaction mapped to HMDB0000763-
No reaction mapped to HMDB0000806+
No reaction mapped to HMDB0000806-
No reaction mapped to HMDB0000826+
No reaction mapped to HMDB0000826-
No reaction mapped to HMDB0000827-
No reaction mapped to HMDB0000883+
No reaction mapped to HMDB0000892+
No reaction mapped to HMDB0000892-
No reaction mapped to HMDB0000929+
No reaction mapped to HMDB0000929-
No reaction mapped to HMDB0001138-
No reaction mapped to HMDB0001160+
No reaction mapped to HMDB0001160-
No reaction mapped to HMDB0001251+
No reaction mapped to HMDB0001251-
No reaction mapped to HMDB0001488+
No reaction mapped to HMDB0001488-
No reaction mapped to HMDB0001858+
No reaction mapped to HMDB0001858-
No reaction mapped to HMDB0001893+
No reaction mapped to HMDB0001893-
No reaction mapped to HMDB0002003+
No reaction mapped to HMDB0002003-
No reaction mapped to HMDB0002212+
No reaction mapped to HMDB0002212-
No reaction mapped to HMDB0002259+
No reaction mapped to HMDB0002259-
No reaction mapped to HMDB0002356+
No reaction mapped to HMDB0002356-
432
*** Oats NoOats ***
87 react_nodes
150 met_nodes
195 sample_nodes
study_samples 29
control_samples 14
treatment_samples 15
df (29, 264)
*** Barley NoBarley ***
87 react_nodes
150 met_nodes
195 sample_nodes
study_samples 28
control_samples 14
treatment_samples 14
df (28, 263)
*** Walnut NoWalnut ***
87 react_nodes
150 met_nodes
195 sample_nodes
study_samples 36
control_samples 18
treatment_samples 18
df (36, 273)
*** Almond NoAlmond ***
87 react_nodes
150 met_nodes
195 sample_nodes
study_samples 28
control_samples 14
treatment_samples 14
df (28, 264)
*** Avocado NoAvocado ***
87 react_nodes
150 met_nodes
195 sample_nodes
study_samples 44
control_samples 17
treatment_samples 27
df (44, 281)
*** Broccoli NoBroccoli ***
87 react_nodes
150 met_nodes
195 sample_nodes
study_samples 30
control_samples 15
treatment_samples 15
df (30, 265)
